ERROR - 2022-12-04 15:15:43 --> Unknown column 'id' in 'order clause'
CRITICAL - 2022-12-04 15:15:43 --> Call to a member function getResult() on bool
#0 C:\xampp\htdocs\hris\app\Controllers\Employee.php(47): App\Models\Employee_Model->get_Company_List()
#1 C:\xampp\htdocs\hris\vendor\codeigniter4\framework\system\CodeIgniter.php(832): App\Controllers\Employee->add_employee()
#2 C:\xampp\htdocs\hris\vendor\codeigniter4\framework\system\CodeIgniter.php(419): CodeIgniter\CodeIgniter->runController(Object(App\Controllers\Employee))
#3 C:\xampp\htdocs\hris\vendor\codeigniter4\framework\system\CodeIgniter.php(326): CodeIgniter\CodeIgniter->handleRequest(NULL, Object(Config\Cache), false)
#4 C:\xampp\htdocs\hris\index.php(37): CodeIgniter\CodeIgniter->run()
#5 {main}
ERROR - 2022-12-04 15:18:26 --> Unknown column 'id' in 'order clause'
CRITICAL - 2022-12-04 15:18:26 --> Call to a member function getResult() on bool
#0 C:\xampp\htdocs\hris\app\Controllers\Employee.php(47): App\Models\Employee_Model->get_Company_List()
#1 C:\xampp\htdocs\hris\vendor\codeigniter4\framework\system\CodeIgniter.php(832): App\Controllers\Employee->add_employee()
#2 C:\xampp\htdocs\hris\vendor\codeigniter4\framework\system\CodeIgniter.php(419): CodeIgniter\CodeIgniter->runController(Object(App\Controllers\Employee))
#3 C:\xampp\htdocs\hris\vendor\codeigniter4\framework\system\CodeIgniter.php(326): CodeIgniter\CodeIgniter->handleRequest(NULL, Object(Config\Cache), false)
#4 C:\xampp\htdocs\hris\index.php(37): CodeIgniter\CodeIgniter->run()
#5 {main}
ERROR - 2022-12-04 15:19:43 --> Unknown column 'id' in 'order clause'
CRITICAL - 2022-12-04 15:19:43 --> Call to a member function getResult() on bool
#0 C:\xampp\htdocs\hris\app\Controllers\Employee.php(47): App\Models\Employee_Model->get_Company_List()
#1 C:\xampp\htdocs\hris\vendor\codeigniter4\framework\system\CodeIgniter.php(832): App\Controllers\Employee->add_employee()
#2 C:\xampp\htdocs\hris\vendor\codeigniter4\framework\system\CodeIgniter.php(419): CodeIgniter\CodeIgniter->runController(Object(App\Controllers\Employee))
#3 C:\xampp\htdocs\hris\vendor\codeigniter4\framework\system\CodeIgniter.php(326): CodeIgniter\CodeIgniter->handleRequest(NULL, Object(Config\Cache), false)
#4 C:\xampp\htdocs\hris\index.php(37): CodeIgniter\CodeIgniter->run()
#5 {main}
ERROR - 2022-12-04 15:20:10 --> Unknown column 'department_id' in 'order clause'
CRITICAL - 2022-12-04 15:20:10 --> Call to a member function getResult() on bool
#0 C:\xampp\htdocs\hris\app\Controllers\Employee.php(48): App\Models\Employee_Model->get_Department_List()
#1 C:\xampp\htdocs\hris\vendor\codeigniter4\framework\system\CodeIgniter.php(832): App\Controllers\Employee->add_employee()
#2 C:\xampp\htdocs\hris\vendor\codeigniter4\framework\system\CodeIgniter.php(419): CodeIgniter\CodeIgniter->runController(Object(App\Controllers\Employee))
#3 C:\xampp\htdocs\hris\vendor\codeigniter4\framework\system\CodeIgniter.php(326): CodeIgniter\CodeIgniter->handleRequest(NULL, Object(Config\Cache), false)
#4 C:\xampp\htdocs\hris\index.php(37): CodeIgniter\CodeIgniter->run()
#5 {main}
ERROR - 2022-12-04 15:38:44 --> Unknown column 'id' in 'order clause'
CRITICAL - 2022-12-04 15:38:44 --> Call to a member function getResult() on bool
#0 C:\xampp\htdocs\hris\app\Controllers\Company.php(25): App\Models\Company_Model->company_list()
#1 C:\xampp\htdocs\hris\vendor\codeigniter4\framework\system\CodeIgniter.php(832): App\Controllers\Company->company_index()
#2 C:\xampp\htdocs\hris\vendor\codeigniter4\framework\system\CodeIgniter.php(419): CodeIgniter\CodeIgniter->runController(Object(App\Controllers\Company))
#3 C:\xampp\htdocs\hris\vendor\codeigniter4\framework\system\CodeIgniter.php(326): CodeIgniter\CodeIgniter->handleRequest(NULL, Object(Config\Cache), false)
#4 C:\xampp\htdocs\hris\index.php(37): CodeIgniter\CodeIgniter->run()
#5 {main}
CRITICAL - 2022-12-04 15:41:03 --> You must set the database table to be used with your query.
#0 C:\xampp\htdocs\hris\vendor\codeigniter4\framework\system\Model.php(545): CodeIgniter\Database\BaseConnection->table(NULL)
#1 C:\xampp\htdocs\hris\vendor\codeigniter4\framework\system\Model.php(722): CodeIgniter\Model->builder()
#2 C:\xampp\htdocs\hris\app\Controllers\Company.php(68): CodeIgniter\Model->__call('get_company_by_...', Array)
#3 C:\xampp\htdocs\hris\vendor\codeigniter4\framework\system\CodeIgniter.php(832): App\Controllers\Company->edit_company('3')
#4 C:\xampp\htdocs\hris\vendor\codeigniter4\framework\system\CodeIgniter.php(419): CodeIgniter\CodeIgniter->runController(Object(App\Controllers\Company))
#5 C:\xampp\htdocs\hris\vendor\codeigniter4\framework\system\CodeIgniter.php(326): CodeIgniter\CodeIgniter->handleRequest(NULL, Object(Config\Cache), false)
#6 C:\xampp\htdocs\hris\index.php(37): CodeIgniter\CodeIgniter->run()
#7 {main}
CRITICAL - 2022-12-04 15:41:18 --> You must set the database table to be used with your query.
#0 C:\xampp\htdocs\hris\vendor\codeigniter4\framework\system\Model.php(545): CodeIgniter\Database\BaseConnection->table(NULL)
#1 C:\xampp\htdocs\hris\vendor\codeigniter4\framework\system\Model.php(722): CodeIgniter\Model->builder()
#2 C:\xampp\htdocs\hris\app\Controllers\Company.php(68): CodeIgniter\Model->__call('get_company_by_...', Array)
#3 C:\xampp\htdocs\hris\vendor\codeigniter4\framework\system\CodeIgniter.php(832): App\Controllers\Company->edit_company('3')
#4 C:\xampp\htdocs\hris\vendor\codeigniter4\framework\system\CodeIgniter.php(419): CodeIgniter\CodeIgniter->runController(Object(App\Controllers\Company))
#5 C:\xampp\htdocs\hris\vendor\codeigniter4\framework\system\CodeIgniter.php(326): CodeIgniter\CodeIgniter->handleRequest(NULL, Object(Config\Cache), false)
#6 C:\xampp\htdocs\hris\index.php(37): CodeIgniter\CodeIgniter->run()
#7 {main}
CRITICAL - 2022-12-04 15:42:17 --> You must set the database table to be used with your query.
#0 C:\xampp\htdocs\hris\vendor\codeigniter4\framework\system\Model.php(545): CodeIgniter\Database\BaseConnection->table(NULL)
#1 C:\xampp\htdocs\hris\vendor\codeigniter4\framework\system\Model.php(722): CodeIgniter\Model->builder()
#2 C:\xampp\htdocs\hris\app\Controllers\Company.php(68): CodeIgniter\Model->__call('get_company_by_...', Array)
#3 C:\xampp\htdocs\hris\vendor\codeigniter4\framework\system\CodeIgniter.php(832): App\Controllers\Company->edit_company('3')
#4 C:\xampp\htdocs\hris\vendor\codeigniter4\framework\system\CodeIgniter.php(419): CodeIgniter\CodeIgniter->runController(Object(App\Controllers\Company))
#5 C:\xampp\htdocs\hris\vendor\codeigniter4\framework\system\CodeIgniter.php(326): CodeIgniter\CodeIgniter->handleRequest(NULL, Object(Config\Cache), false)
#6 C:\xampp\htdocs\hris\index.php(37): CodeIgniter\CodeIgniter->run()
#7 {main}
