ERROR - 2022-12-03 12:26:11 --> Column 'id' in where clause is ambiguous
CRITICAL - 2022-12-03 12:26:11 --> Call to a member function getResult() on bool
#0 C:\xampp\htdocs\hris\app\Controllers\Employee.php(64): App\Models\Employee_Model->get_employee_by_id('142')
#1 C:\xampp\htdocs\hris\vendor\codeigniter4\framework\system\CodeIgniter.php(832): App\Controllers\Employee->view_employee('142')
#2 C:\xampp\htdocs\hris\vendor\codeigniter4\framework\system\CodeIgniter.php(419): CodeIgniter\CodeIgniter->runController(Object(App\Controllers\Employee))
#3 C:\xampp\htdocs\hris\vendor\codeigniter4\framework\system\CodeIgniter.php(326): CodeIgniter\CodeIgniter->handleRequest(NULL, Object(Config\Cache), false)
#4 C:\xampp\htdocs\hris\index.php(37): CodeIgniter\CodeIgniter->run()
#5 {main}
ERROR - 2022-12-03 12:27:29 --> Column 'id' in where clause is ambiguous
CRITICAL - 2022-12-03 12:27:29 --> Call to a member function getResult() on bool
#0 C:\xampp\htdocs\hris\app\Controllers\Employee.php(64): App\Models\Employee_Model->get_employee_by_id('142')
#1 C:\xampp\htdocs\hris\vendor\codeigniter4\framework\system\CodeIgniter.php(832): App\Controllers\Employee->view_employee('142')
#2 C:\xampp\htdocs\hris\vendor\codeigniter4\framework\system\CodeIgniter.php(419): CodeIgniter\CodeIgniter->runController(Object(App\Controllers\Employee))
#3 C:\xampp\htdocs\hris\vendor\codeigniter4\framework\system\CodeIgniter.php(326): CodeIgniter\CodeIgniter->handleRequest(NULL, Object(Config\Cache), false)
#4 C:\xampp\htdocs\hris\index.php(37): CodeIgniter\CodeIgniter->run()
#5 {main}
ERROR - 2022-12-03 12:27:41 --> Column 'id' in where clause is ambiguous
CRITICAL - 2022-12-03 12:27:41 --> Call to a member function getResult() on bool
#0 C:\xampp\htdocs\hris\app\Controllers\Employee.php(64): App\Models\Employee_Model->get_employee_by_id('142')
#1 C:\xampp\htdocs\hris\vendor\codeigniter4\framework\system\CodeIgniter.php(832): App\Controllers\Employee->view_employee('142')
#2 C:\xampp\htdocs\hris\vendor\codeigniter4\framework\system\CodeIgniter.php(419): CodeIgniter\CodeIgniter->runController(Object(App\Controllers\Employee))
#3 C:\xampp\htdocs\hris\vendor\codeigniter4\framework\system\CodeIgniter.php(326): CodeIgniter\CodeIgniter->handleRequest(NULL, Object(Config\Cache), false)
#4 C:\xampp\htdocs\hris\index.php(37): CodeIgniter\CodeIgniter->run()
#5 {main}
ERROR - 2022-12-03 12:27:44 --> Column 'id' in where clause is ambiguous
CRITICAL - 2022-12-03 12:27:44 --> Call to a member function getResult() on bool
#0 C:\xampp\htdocs\hris\app\Controllers\Employee.php(64): App\Models\Employee_Model->get_employee_by_id('142')
#1 C:\xampp\htdocs\hris\vendor\codeigniter4\framework\system\CodeIgniter.php(832): App\Controllers\Employee->view_employee('142')
#2 C:\xampp\htdocs\hris\vendor\codeigniter4\framework\system\CodeIgniter.php(419): CodeIgniter\CodeIgniter->runController(Object(App\Controllers\Employee))
#3 C:\xampp\htdocs\hris\vendor\codeigniter4\framework\system\CodeIgniter.php(326): CodeIgniter\CodeIgniter->handleRequest(NULL, Object(Config\Cache), false)
#4 C:\xampp\htdocs\hris\index.php(37): CodeIgniter\CodeIgniter->run()
#5 {main}
CRITICAL - 2022-12-03 12:47:12 --> Use of undefined constant id - assumed 'id' (this will throw an Error in a future version of PHP)
#0 C:\xampp\htdocs\hris\app\Views\employee\list.php(62): CodeIgniter\Debug\Exceptions->errorHandler(2, 'Use of undefine...', 'C:\\xampp\\htdocs...', 62, Array)
#1 C:\xampp\htdocs\hris\vendor\codeigniter4\framework\system\View\View.php(210): include('C:\\xampp\\htdocs...')
#2 C:\xampp\htdocs\hris\vendor\codeigniter4\framework\system\View\View.php(213): CodeIgniter\View\View->CodeIgniter\View\{closure}()
#3 C:\xampp\htdocs\hris\vendor\codeigniter4\framework\system\Common.php(1089): CodeIgniter\View\View->render('employee/list', Array, true)
#4 C:\xampp\htdocs\hris\app\Controllers\Employee.php(31): view('employee/list', Array)
#5 C:\xampp\htdocs\hris\vendor\codeigniter4\framework\system\CodeIgniter.php(832): App\Controllers\Employee->employee_index()
#6 C:\xampp\htdocs\hris\vendor\codeigniter4\framework\system\CodeIgniter.php(419): CodeIgniter\CodeIgniter->runController(Object(App\Controllers\Employee))
#7 C:\xampp\htdocs\hris\vendor\codeigniter4\framework\system\CodeIgniter.php(326): CodeIgniter\CodeIgniter->handleRequest(NULL, Object(Config\Cache), false)
#8 C:\xampp\htdocs\hris\index.php(37): CodeIgniter\CodeIgniter->run()
#9 {main}
ERROR - 2022-12-03 12:49:07 --> Unknown column 'company.company_id' in 'on clause'
CRITICAL - 2022-12-03 12:49:07 --> Call to a member function getResult() on bool
#0 C:\xampp\htdocs\hris\app\Controllers\Employee.php(25): App\Models\Employee_Model->employee_list()
#1 C:\xampp\htdocs\hris\vendor\codeigniter4\framework\system\CodeIgniter.php(832): App\Controllers\Employee->employee_index()
#2 C:\xampp\htdocs\hris\vendor\codeigniter4\framework\system\CodeIgniter.php(419): CodeIgniter\CodeIgniter->runController(Object(App\Controllers\Employee))
#3 C:\xampp\htdocs\hris\vendor\codeigniter4\framework\system\CodeIgniter.php(326): CodeIgniter\CodeIgniter->handleRequest(NULL, Object(Config\Cache), false)
#4 C:\xampp\htdocs\hris\index.php(37): CodeIgniter\CodeIgniter->run()
#5 {main}
ERROR - 2022-12-03 12:49:58 --> Unknown column 'employee.id' in 'where clause'
CRITICAL - 2022-12-03 12:49:58 --> Call to a member function getResult() on bool
#0 C:\xampp\htdocs\hris\app\Controllers\Employee.php(64): App\Models\Employee_Model->get_employee_by_id('6')
#1 C:\xampp\htdocs\hris\vendor\codeigniter4\framework\system\CodeIgniter.php(832): App\Controllers\Employee->view_employee('6')
#2 C:\xampp\htdocs\hris\vendor\codeigniter4\framework\system\CodeIgniter.php(419): CodeIgniter\CodeIgniter->runController(Object(App\Controllers\Employee))
#3 C:\xampp\htdocs\hris\vendor\codeigniter4\framework\system\CodeIgniter.php(326): CodeIgniter\CodeIgniter->handleRequest(NULL, Object(Config\Cache), false)
#4 C:\xampp\htdocs\hris\index.php(37): CodeIgniter\CodeIgniter->run()
#5 {main}
CRITICAL - 2022-12-03 13:01:53 --> You must set the database table to be used with your query.
#0 C:\xampp\htdocs\hris\vendor\codeigniter4\framework\system\Model.php(545): CodeIgniter\Database\BaseConnection->table(NULL)
#1 C:\xampp\htdocs\hris\vendor\codeigniter4\framework\system\Model.php(722): CodeIgniter\Model->builder()
#2 C:\xampp\htdocs\hris\app\Controllers\Employee.php(47): CodeIgniter\Model->__call('get_Roles_List', Array)
#3 C:\xampp\htdocs\hris\vendor\codeigniter4\framework\system\CodeIgniter.php(832): App\Controllers\Employee->add_employee()
#4 C:\xampp\htdocs\hris\vendor\codeigniter4\framework\system\CodeIgniter.php(419): CodeIgniter\CodeIgniter->runController(Object(App\Controllers\Employee))
#5 C:\xampp\htdocs\hris\vendor\codeigniter4\framework\system\CodeIgniter.php(326): CodeIgniter\CodeIgniter->handleRequest(NULL, Object(Config\Cache), false)
#6 C:\xampp\htdocs\hris\index.php(37): CodeIgniter\CodeIgniter->run()
#7 {main}
