ERROR - 2023-01-26 14:18:24 --> Table 'petty_cash_db.ci_users' doesn't exist
CRITICAL - 2023-01-26 14:18:24 --> Call to a member function getResult() on bool
#0 C:\xampp\htdocs\petty_cash\app\Controllers\Auth.php(39): App\Models\Auth_Model->validate_Auth_login('admin', 'admin')
#1 C:\xampp\htdocs\petty_cash\vendor\codeigniter4\framework\system\CodeIgniter.php(832): App\Controllers\Auth->validate_login()
#2 C:\xampp\htdocs\petty_cash\vendor\codeigniter4\framework\system\CodeIgniter.php(419): CodeIgniter\CodeIgniter->runController(Object(App\Controllers\Auth))
#3 C:\xampp\htdocs\petty_cash\vendor\codeigniter4\framework\system\CodeIgniter.php(326): CodeIgniter\CodeIgniter->handleRequest(NULL, Object(Config\Cache), false)
#4 C:\xampp\htdocs\petty_cash\index.php(37): CodeIgniter\CodeIgniter->run()
#5 {main}
ERROR - 2023-01-26 14:18:57 --> Table 'petty_cash_db.ci_users' doesn't exist
CRITICAL - 2023-01-26 14:18:57 --> Call to a member function getResult() on bool
#0 C:\xampp\htdocs\petty_cash\app\Controllers\Auth.php(39): App\Models\Auth_Model->validate_Auth_login('admin', 'admin')
#1 C:\xampp\htdocs\petty_cash\vendor\codeigniter4\framework\system\CodeIgniter.php(832): App\Controllers\Auth->validate_login()
#2 C:\xampp\htdocs\petty_cash\vendor\codeigniter4\framework\system\CodeIgniter.php(419): CodeIgniter\CodeIgniter->runController(Object(App\Controllers\Auth))
#3 C:\xampp\htdocs\petty_cash\vendor\codeigniter4\framework\system\CodeIgniter.php(326): CodeIgniter\CodeIgniter->handleRequest(NULL, Object(Config\Cache), false)
#4 C:\xampp\htdocs\petty_cash\index.php(37): CodeIgniter\CodeIgniter->run()
#5 {main}
ERROR - 2023-01-26 14:19:00 --> Table 'petty_cash_db.ci_users' doesn't exist
CRITICAL - 2023-01-26 14:19:00 --> Call to a member function getResult() on bool
#0 C:\xampp\htdocs\petty_cash\app\Controllers\Auth.php(39): App\Models\Auth_Model->validate_Auth_login('admin', 'admin')
#1 C:\xampp\htdocs\petty_cash\vendor\codeigniter4\framework\system\CodeIgniter.php(832): App\Controllers\Auth->validate_login()
#2 C:\xampp\htdocs\petty_cash\vendor\codeigniter4\framework\system\CodeIgniter.php(419): CodeIgniter\CodeIgniter->runController(Object(App\Controllers\Auth))
#3 C:\xampp\htdocs\petty_cash\vendor\codeigniter4\framework\system\CodeIgniter.php(326): CodeIgniter\CodeIgniter->handleRequest(NULL, Object(Config\Cache), false)
#4 C:\xampp\htdocs\petty_cash\index.php(37): CodeIgniter\CodeIgniter->run()
#5 {main}
ERROR - 2023-01-26 14:19:14 --> Table 'petty_cash_db.ci_users' doesn't exist
CRITICAL - 2023-01-26 14:19:14 --> Call to a member function getResult() on bool
#0 C:\xampp\htdocs\petty_cash\app\Controllers\Auth.php(39): App\Models\Auth_Model->validate_Auth_login('admin', 'admin')
#1 C:\xampp\htdocs\petty_cash\vendor\codeigniter4\framework\system\CodeIgniter.php(832): App\Controllers\Auth->validate_login()
#2 C:\xampp\htdocs\petty_cash\vendor\codeigniter4\framework\system\CodeIgniter.php(419): CodeIgniter\CodeIgniter->runController(Object(App\Controllers\Auth))
#3 C:\xampp\htdocs\petty_cash\vendor\codeigniter4\framework\system\CodeIgniter.php(326): CodeIgniter\CodeIgniter->handleRequest(NULL, Object(Config\Cache), false)
#4 C:\xampp\htdocs\petty_cash\index.php(37): CodeIgniter\CodeIgniter->run()
#5 {main}
