CRITICAL - 2022-11-12 00:20:19 --> Call to undefined function get_permission_access()
#0 C:\xampp\htdocs\codeigniter4\vendor\codeigniter4\framework\system\View\View.php(210): include()
#1 C:\xampp\htdocs\codeigniter4\vendor\codeigniter4\framework\system\View\View.php(213): CodeIgniter\View\View->CodeIgniter\View\{closure}()
#2 C:\xampp\htdocs\codeigniter4\vendor\codeigniter4\framework\system\Common.php(1089): CodeIgniter\View\View->render('partial/side_me...', Array, true)
#3 C:\xampp\htdocs\codeigniter4\app\Controllers\Roles.php(109): view('partial/side_me...')
#4 C:\xampp\htdocs\codeigniter4\vendor\codeigniter4\framework\system\CodeIgniter.php(832): App\Controllers\Roles->access_roles('1')
#5 C:\xampp\htdocs\codeigniter4\vendor\codeigniter4\framework\system\CodeIgniter.php(419): CodeIgniter\CodeIgniter->runController(Object(App\Controllers\Roles))
#6 C:\xampp\htdocs\codeigniter4\vendor\codeigniter4\framework\system\CodeIgniter.php(326): CodeIgniter\CodeIgniter->handleRequest(NULL, Object(Config\Cache), false)
#7 C:\xampp\htdocs\codeigniter4\index.php(37): CodeIgniter\CodeIgniter->run()
#8 {main}
CRITICAL - 2022-11-12 01:14:58 --> Too few arguments to function get_permission_access(), 2 passed in C:\xampp\htdocs\codeigniter4\app\Views\partial\side_menu.php on line 80 and exactly 3 expected
#0 C:\xampp\htdocs\codeigniter4\app\Views\partial\side_menu.php(80): get_permission_access('1', '1')
#1 C:\xampp\htdocs\codeigniter4\vendor\codeigniter4\framework\system\View\View.php(210): include('C:\\xampp\\htdocs...')
#2 C:\xampp\htdocs\codeigniter4\vendor\codeigniter4\framework\system\View\View.php(213): CodeIgniter\View\View->CodeIgniter\View\{closure}()
#3 C:\xampp\htdocs\codeigniter4\vendor\codeigniter4\framework\system\Common.php(1089): CodeIgniter\View\View->render('partial/side_me...', Array, true)
#4 C:\xampp\htdocs\codeigniter4\app\Controllers\Roles.php(109): view('partial/side_me...')
#5 C:\xampp\htdocs\codeigniter4\vendor\codeigniter4\framework\system\CodeIgniter.php(832): App\Controllers\Roles->access_roles('1')
#6 C:\xampp\htdocs\codeigniter4\vendor\codeigniter4\framework\system\CodeIgniter.php(419): CodeIgniter\CodeIgniter->runController(Object(App\Controllers\Roles))
#7 C:\xampp\htdocs\codeigniter4\vendor\codeigniter4\framework\system\CodeIgniter.php(326): CodeIgniter\CodeIgniter->handleRequest(NULL, Object(Config\Cache), false)
#8 C:\xampp\htdocs\codeigniter4\index.php(37): CodeIgniter\CodeIgniter->run()
#9 {main}
CRITICAL - 2022-11-12 01:15:04 --> Too few arguments to function get_permission_access(), 2 passed in C:\xampp\htdocs\codeigniter4\app\Views\partial\side_menu.php on line 80 and exactly 3 expected
#0 C:\xampp\htdocs\codeigniter4\app\Views\partial\side_menu.php(80): get_permission_access('1', '1')
#1 C:\xampp\htdocs\codeigniter4\vendor\codeigniter4\framework\system\View\View.php(210): include('C:\\xampp\\htdocs...')
#2 C:\xampp\htdocs\codeigniter4\vendor\codeigniter4\framework\system\View\View.php(213): CodeIgniter\View\View->CodeIgniter\View\{closure}()
#3 C:\xampp\htdocs\codeigniter4\vendor\codeigniter4\framework\system\Common.php(1089): CodeIgniter\View\View->render('partial/side_me...', Array, true)
#4 C:\xampp\htdocs\codeigniter4\app\Controllers\Roles.php(109): view('partial/side_me...')
#5 C:\xampp\htdocs\codeigniter4\vendor\codeigniter4\framework\system\CodeIgniter.php(832): App\Controllers\Roles->access_roles('1')
#6 C:\xampp\htdocs\codeigniter4\vendor\codeigniter4\framework\system\CodeIgniter.php(419): CodeIgniter\CodeIgniter->runController(Object(App\Controllers\Roles))
#7 C:\xampp\htdocs\codeigniter4\vendor\codeigniter4\framework\system\CodeIgniter.php(326): CodeIgniter\CodeIgniter->handleRequest(NULL, Object(Config\Cache), false)
#8 C:\xampp\htdocs\codeigniter4\index.php(37): CodeIgniter\CodeIgniter->run()
#9 {main}
CRITICAL - 2022-11-12 01:15:27 --> Call to undefined function get_permission_access()
#0 C:\xampp\htdocs\codeigniter4\vendor\codeigniter4\framework\system\View\View.php(210): include()
#1 C:\xampp\htdocs\codeigniter4\vendor\codeigniter4\framework\system\View\View.php(213): CodeIgniter\View\View->CodeIgniter\View\{closure}()
#2 C:\xampp\htdocs\codeigniter4\vendor\codeigniter4\framework\system\Common.php(1089): CodeIgniter\View\View->render('partial/side_me...', Array, true)
#3 C:\xampp\htdocs\codeigniter4\app\Controllers\Roles.php(109): view('partial/side_me...')
#4 C:\xampp\htdocs\codeigniter4\vendor\codeigniter4\framework\system\CodeIgniter.php(832): App\Controllers\Roles->access_roles('1')
#5 C:\xampp\htdocs\codeigniter4\vendor\codeigniter4\framework\system\CodeIgniter.php(419): CodeIgniter\CodeIgniter->runController(Object(App\Controllers\Roles))
#6 C:\xampp\htdocs\codeigniter4\vendor\codeigniter4\framework\system\CodeIgniter.php(326): CodeIgniter\CodeIgniter->handleRequest(NULL, Object(Config\Cache), false)
#7 C:\xampp\htdocs\codeigniter4\index.php(37): CodeIgniter\CodeIgniter->run()
#8 {main}
CRITICAL - 2022-11-12 01:15:36 --> Call to undefined function get_permission_access()
#0 C:\xampp\htdocs\codeigniter4\vendor\codeigniter4\framework\system\View\View.php(210): include()
#1 C:\xampp\htdocs\codeigniter4\vendor\codeigniter4\framework\system\View\View.php(213): CodeIgniter\View\View->CodeIgniter\View\{closure}()
#2 C:\xampp\htdocs\codeigniter4\vendor\codeigniter4\framework\system\Common.php(1089): CodeIgniter\View\View->render('partial/side_me...', Array, true)
#3 C:\xampp\htdocs\codeigniter4\app\Controllers\Roles.php(109): view('partial/side_me...')
#4 C:\xampp\htdocs\codeigniter4\vendor\codeigniter4\framework\system\CodeIgniter.php(832): App\Controllers\Roles->access_roles('1')
#5 C:\xampp\htdocs\codeigniter4\vendor\codeigniter4\framework\system\CodeIgniter.php(419): CodeIgniter\CodeIgniter->runController(Object(App\Controllers\Roles))
#6 C:\xampp\htdocs\codeigniter4\vendor\codeigniter4\framework\system\CodeIgniter.php(326): CodeIgniter\CodeIgniter->handleRequest(NULL, Object(Config\Cache), false)
#7 C:\xampp\htdocs\codeigniter4\index.php(37): CodeIgniter\CodeIgniter->run()
#8 {main}
CRITICAL - 2022-11-12 01:15:45 --> Call to undefined function get_permission_access()
#0 C:\xampp\htdocs\codeigniter4\vendor\codeigniter4\framework\system\View\View.php(210): include()
#1 C:\xampp\htdocs\codeigniter4\vendor\codeigniter4\framework\system\View\View.php(213): CodeIgniter\View\View->CodeIgniter\View\{closure}()
#2 C:\xampp\htdocs\codeigniter4\vendor\codeigniter4\framework\system\Common.php(1089): CodeIgniter\View\View->render('partial/side_me...', Array, true)
#3 C:\xampp\htdocs\codeigniter4\app\Controllers\Roles.php(109): view('partial/side_me...')
#4 C:\xampp\htdocs\codeigniter4\vendor\codeigniter4\framework\system\CodeIgniter.php(832): App\Controllers\Roles->access_roles('1')
#5 C:\xampp\htdocs\codeigniter4\vendor\codeigniter4\framework\system\CodeIgniter.php(419): CodeIgniter\CodeIgniter->runController(Object(App\Controllers\Roles))
#6 C:\xampp\htdocs\codeigniter4\vendor\codeigniter4\framework\system\CodeIgniter.php(326): CodeIgniter\CodeIgniter->handleRequest(NULL, Object(Config\Cache), false)
#7 C:\xampp\htdocs\codeigniter4\index.php(37): CodeIgniter\CodeIgniter->run()
#8 {main}
CRITICAL - 2022-11-12 01:15:48 --> Call to undefined function get_permission_access()
#0 C:\xampp\htdocs\codeigniter4\vendor\codeigniter4\framework\system\View\View.php(210): include()
#1 C:\xampp\htdocs\codeigniter4\vendor\codeigniter4\framework\system\View\View.php(213): CodeIgniter\View\View->CodeIgniter\View\{closure}()
#2 C:\xampp\htdocs\codeigniter4\vendor\codeigniter4\framework\system\Common.php(1089): CodeIgniter\View\View->render('partial/side_me...', Array, true)
#3 C:\xampp\htdocs\codeigniter4\app\Controllers\Roles.php(109): view('partial/side_me...')
#4 C:\xampp\htdocs\codeigniter4\vendor\codeigniter4\framework\system\CodeIgniter.php(832): App\Controllers\Roles->access_roles('1')
#5 C:\xampp\htdocs\codeigniter4\vendor\codeigniter4\framework\system\CodeIgniter.php(419): CodeIgniter\CodeIgniter->runController(Object(App\Controllers\Roles))
#6 C:\xampp\htdocs\codeigniter4\vendor\codeigniter4\framework\system\CodeIgniter.php(326): CodeIgniter\CodeIgniter->handleRequest(NULL, Object(Config\Cache), false)
#7 C:\xampp\htdocs\codeigniter4\index.php(37): CodeIgniter\CodeIgniter->run()
#8 {main}
CRITICAL - 2022-11-12 01:15:53 --> Call to undefined function get_permission_access()
#0 C:\xampp\htdocs\codeigniter4\vendor\codeigniter4\framework\system\View\View.php(210): include()
#1 C:\xampp\htdocs\codeigniter4\vendor\codeigniter4\framework\system\View\View.php(213): CodeIgniter\View\View->CodeIgniter\View\{closure}()
#2 C:\xampp\htdocs\codeigniter4\vendor\codeigniter4\framework\system\Common.php(1089): CodeIgniter\View\View->render('partial/side_me...', Array, true)
#3 C:\xampp\htdocs\codeigniter4\app\Controllers\Roles.php(109): view('partial/side_me...')
#4 C:\xampp\htdocs\codeigniter4\vendor\codeigniter4\framework\system\CodeIgniter.php(832): App\Controllers\Roles->access_roles('1')
#5 C:\xampp\htdocs\codeigniter4\vendor\codeigniter4\framework\system\CodeIgniter.php(419): CodeIgniter\CodeIgniter->runController(Object(App\Controllers\Roles))
#6 C:\xampp\htdocs\codeigniter4\vendor\codeigniter4\framework\system\CodeIgniter.php(326): CodeIgniter\CodeIgniter->handleRequest(NULL, Object(Config\Cache), false)
#7 C:\xampp\htdocs\codeigniter4\index.php(37): CodeIgniter\CodeIgniter->run()
#8 {main}
CRITICAL - 2022-11-12 01:15:53 --> Call to undefined function get_permission_access()
#0 C:\xampp\htdocs\codeigniter4\vendor\codeigniter4\framework\system\View\View.php(210): include()
#1 C:\xampp\htdocs\codeigniter4\vendor\codeigniter4\framework\system\View\View.php(213): CodeIgniter\View\View->CodeIgniter\View\{closure}()
#2 C:\xampp\htdocs\codeigniter4\vendor\codeigniter4\framework\system\Common.php(1089): CodeIgniter\View\View->render('partial/side_me...', Array, true)
#3 C:\xampp\htdocs\codeigniter4\app\Controllers\Roles.php(109): view('partial/side_me...')
#4 C:\xampp\htdocs\codeigniter4\vendor\codeigniter4\framework\system\CodeIgniter.php(832): App\Controllers\Roles->access_roles('1')
#5 C:\xampp\htdocs\codeigniter4\vendor\codeigniter4\framework\system\CodeIgniter.php(419): CodeIgniter\CodeIgniter->runController(Object(App\Controllers\Roles))
#6 C:\xampp\htdocs\codeigniter4\vendor\codeigniter4\framework\system\CodeIgniter.php(326): CodeIgniter\CodeIgniter->handleRequest(NULL, Object(Config\Cache), false)
#7 C:\xampp\htdocs\codeigniter4\index.php(37): CodeIgniter\CodeIgniter->run()
#8 {main}
CRITICAL - 2022-11-12 01:26:59 --> syntax error, unexpected '<'
#0 C:\xampp\htdocs\codeigniter4\vendor\codeigniter4\framework\system\View\View.php(213): CodeIgniter\View\View->CodeIgniter\View\{closure}()
#1 C:\xampp\htdocs\codeigniter4\vendor\codeigniter4\framework\system\Common.php(1089): CodeIgniter\View\View->render('partial/side_me...', Array, true)
#2 C:\xampp\htdocs\codeigniter4\app\Controllers\Roles.php(109): view('partial/side_me...')
#3 C:\xampp\htdocs\codeigniter4\vendor\codeigniter4\framework\system\CodeIgniter.php(832): App\Controllers\Roles->access_roles('1')
#4 C:\xampp\htdocs\codeigniter4\vendor\codeigniter4\framework\system\CodeIgniter.php(419): CodeIgniter\CodeIgniter->runController(Object(App\Controllers\Roles))
#5 C:\xampp\htdocs\codeigniter4\vendor\codeigniter4\framework\system\CodeIgniter.php(326): CodeIgniter\CodeIgniter->handleRequest(NULL, Object(Config\Cache), false)
#6 C:\xampp\htdocs\codeigniter4\index.php(37): CodeIgniter\CodeIgniter->run()
#7 {main}
CRITICAL - 2022-11-12 01:39:21 --> Call to undefined function get_permission_access()
#0 C:\xampp\htdocs\codeigniter4\vendor\codeigniter4\framework\system\View\View.php(210): include()
#1 C:\xampp\htdocs\codeigniter4\vendor\codeigniter4\framework\system\View\View.php(213): CodeIgniter\View\View->CodeIgniter\View\{closure}()
#2 C:\xampp\htdocs\codeigniter4\vendor\codeigniter4\framework\system\Common.php(1089): CodeIgniter\View\View->render('partial/side_me...', Array, true)
#3 C:\xampp\htdocs\codeigniter4\app\Controllers\Roles.php(109): view('partial/side_me...')
#4 C:\xampp\htdocs\codeigniter4\vendor\codeigniter4\framework\system\CodeIgniter.php(832): App\Controllers\Roles->access_roles('1')
#5 C:\xampp\htdocs\codeigniter4\vendor\codeigniter4\framework\system\CodeIgniter.php(419): CodeIgniter\CodeIgniter->runController(Object(App\Controllers\Roles))
#6 C:\xampp\htdocs\codeigniter4\vendor\codeigniter4\framework\system\CodeIgniter.php(326): CodeIgniter\CodeIgniter->handleRequest(NULL, Object(Config\Cache), false)
#7 C:\xampp\htdocs\codeigniter4\index.php(37): CodeIgniter\CodeIgniter->run()
#8 {main}
CRITICAL - 2022-11-12 01:39:51 --> Call to undefined function get_permission_access()
#0 C:\xampp\htdocs\codeigniter4\vendor\codeigniter4\framework\system\View\View.php(210): include()
#1 C:\xampp\htdocs\codeigniter4\vendor\codeigniter4\framework\system\View\View.php(213): CodeIgniter\View\View->CodeIgniter\View\{closure}()
#2 C:\xampp\htdocs\codeigniter4\vendor\codeigniter4\framework\system\Common.php(1089): CodeIgniter\View\View->render('partial/side_me...', Array, true)
#3 C:\xampp\htdocs\codeigniter4\app\Controllers\Roles.php(109): view('partial/side_me...')
#4 C:\xampp\htdocs\codeigniter4\vendor\codeigniter4\framework\system\CodeIgniter.php(832): App\Controllers\Roles->access_roles('1')
#5 C:\xampp\htdocs\codeigniter4\vendor\codeigniter4\framework\system\CodeIgniter.php(419): CodeIgniter\CodeIgniter->runController(Object(App\Controllers\Roles))
#6 C:\xampp\htdocs\codeigniter4\vendor\codeigniter4\framework\system\CodeIgniter.php(326): CodeIgniter\CodeIgniter->handleRequest(NULL, Object(Config\Cache), false)
#7 C:\xampp\htdocs\codeigniter4\index.php(37): CodeIgniter\CodeIgniter->run()
#8 {main}
