ERROR - 2023-02-07 11:34:28 --> Unknown column 'transaction_id' in 'order clause'
CRITICAL - 2023-02-07 11:34:28 --> Call to a member function getResult() on bool
#0 C:\xampp\htdocs\petty_cash\app\Controllers\Cash_Voucher.php(22): App\Models\Cash_Voucher_Model->cash_voucher_list()
#1 C:\xampp\htdocs\petty_cash\vendor\codeigniter4\framework\system\CodeIgniter.php(832): App\Controllers\Cash_Voucher->cash_voucher_index()
#2 C:\xampp\htdocs\petty_cash\vendor\codeigniter4\framework\system\CodeIgniter.php(419): CodeIgniter\CodeIgniter->runController(Object(App\Controllers\Cash_Voucher))
#3 C:\xampp\htdocs\petty_cash\vendor\codeigniter4\framework\system\CodeIgniter.php(326): CodeIgniter\CodeIgniter->handleRequest(NULL, Object(Config\Cache), false)
#4 C:\xampp\htdocs\petty_cash\index.php(37): CodeIgniter\CodeIgniter->run()
#5 {main}
ERROR - 2023-02-07 11:39:09 --> Unknown column 'transaction_id' in 'order clause'
CRITICAL - 2023-02-07 11:39:09 --> Call to a member function getResult() on bool
#0 C:\xampp\htdocs\petty_cash\app\Controllers\Cash_Voucher.php(22): App\Models\Cash_Voucher_Model->cash_voucher_list()
#1 C:\xampp\htdocs\petty_cash\vendor\codeigniter4\framework\system\CodeIgniter.php(832): App\Controllers\Cash_Voucher->cash_voucher_index()
#2 C:\xampp\htdocs\petty_cash\vendor\codeigniter4\framework\system\CodeIgniter.php(419): CodeIgniter\CodeIgniter->runController(Object(App\Controllers\Cash_Voucher))
#3 C:\xampp\htdocs\petty_cash\vendor\codeigniter4\framework\system\CodeIgniter.php(326): CodeIgniter\CodeIgniter->handleRequest(NULL, Object(Config\Cache), false)
#4 C:\xampp\htdocs\petty_cash\index.php(37): CodeIgniter\CodeIgniter->run()
#5 {main}
ERROR - 2023-02-07 11:39:11 --> Unknown column 'transaction_id' in 'order clause'
CRITICAL - 2023-02-07 11:39:11 --> Call to a member function getResult() on bool
#0 C:\xampp\htdocs\petty_cash\app\Controllers\Cash_Voucher.php(22): App\Models\Cash_Voucher_Model->cash_voucher_list()
#1 C:\xampp\htdocs\petty_cash\vendor\codeigniter4\framework\system\CodeIgniter.php(832): App\Controllers\Cash_Voucher->cash_voucher_index()
#2 C:\xampp\htdocs\petty_cash\vendor\codeigniter4\framework\system\CodeIgniter.php(419): CodeIgniter\CodeIgniter->runController(Object(App\Controllers\Cash_Voucher))
#3 C:\xampp\htdocs\petty_cash\vendor\codeigniter4\framework\system\CodeIgniter.php(326): CodeIgniter\CodeIgniter->handleRequest(NULL, Object(Config\Cache), false)
#4 C:\xampp\htdocs\petty_cash\index.php(37): CodeIgniter\CodeIgniter->run()
#5 {main}
ERROR - 2023-02-07 11:40:14 --> Unknown column 'transaction_id' in 'order clause'
CRITICAL - 2023-02-07 11:40:14 --> Call to a member function getResult() on bool
#0 C:\xampp\htdocs\petty_cash\app\Controllers\Cash_Voucher.php(22): App\Models\Cash_Voucher_Model->cash_voucher_list()
#1 C:\xampp\htdocs\petty_cash\vendor\codeigniter4\framework\system\CodeIgniter.php(832): App\Controllers\Cash_Voucher->cash_voucher_index()
#2 C:\xampp\htdocs\petty_cash\vendor\codeigniter4\framework\system\CodeIgniter.php(419): CodeIgniter\CodeIgniter->runController(Object(App\Controllers\Cash_Voucher))
#3 C:\xampp\htdocs\petty_cash\vendor\codeigniter4\framework\system\CodeIgniter.php(326): CodeIgniter\CodeIgniter->handleRequest(NULL, Object(Config\Cache), false)
#4 C:\xampp\htdocs\petty_cash\index.php(37): CodeIgniter\CodeIgniter->run()
#5 {main}
