CRITICAL - 2022-10-18 00:19:25 --> Too few arguments to function App\Controllers\roles::edit_roles(), 0 passed in C:\xampp\htdocs\codeigniter4\vendor\codeigniter4\framework\system\CodeIgniter.php on line 832 and exactly 1 expected
#0 C:\xampp\htdocs\codeigniter4\vendor\codeigniter4\framework\system\CodeIgniter.php(832): App\Controllers\roles->edit_roles()
#1 C:\xampp\htdocs\codeigniter4\vendor\codeigniter4\framework\system\CodeIgniter.php(419): CodeIgniter\CodeIgniter->runController(Object(App\Controllers\roles))
#2 C:\xampp\htdocs\codeigniter4\vendor\codeigniter4\framework\system\CodeIgniter.php(326): CodeIgniter\CodeIgniter->handleRequest(NULL, Object(Config\Cache), false)
#3 C:\xampp\htdocs\codeigniter4\index.php(37): CodeIgniter\CodeIgniter->run()
#4 {main}
CRITICAL - 2022-10-18 00:21:44 --> Cannot use object of type stdClass as array
#0 C:\xampp\htdocs\codeigniter4\vendor\codeigniter4\framework\system\View\View.php(210): include()
#1 C:\xampp\htdocs\codeigniter4\vendor\codeigniter4\framework\system\View\View.php(213): CodeIgniter\View\View->CodeIgniter\View\{closure}()
#2 C:\xampp\htdocs\codeigniter4\vendor\codeigniter4\framework\system\Common.php(1089): CodeIgniter\View\View->render('roles/list', Array, true)
#3 C:\xampp\htdocs\codeigniter4\app\Controllers\Roles.php(37): view('roles/list', Array)
#4 C:\xampp\htdocs\codeigniter4\vendor\codeigniter4\framework\system\CodeIgniter.php(832): App\Controllers\roles->roles_index()
#5 C:\xampp\htdocs\codeigniter4\vendor\codeigniter4\framework\system\CodeIgniter.php(419): CodeIgniter\CodeIgniter->runController(Object(App\Controllers\roles))
#6 C:\xampp\htdocs\codeigniter4\vendor\codeigniter4\framework\system\CodeIgniter.php(326): CodeIgniter\CodeIgniter->handleRequest(NULL, Object(Config\Cache), false)
#7 C:\xampp\htdocs\codeigniter4\index.php(37): CodeIgniter\CodeIgniter->run()
#8 {main}
CRITICAL - 2022-10-18 00:21:47 --> Cannot use object of type stdClass as array
#0 C:\xampp\htdocs\codeigniter4\vendor\codeigniter4\framework\system\View\View.php(210): include()
#1 C:\xampp\htdocs\codeigniter4\vendor\codeigniter4\framework\system\View\View.php(213): CodeIgniter\View\View->CodeIgniter\View\{closure}()
#2 C:\xampp\htdocs\codeigniter4\vendor\codeigniter4\framework\system\Common.php(1089): CodeIgniter\View\View->render('roles/list', Array, true)
#3 C:\xampp\htdocs\codeigniter4\app\Controllers\Roles.php(37): view('roles/list', Array)
#4 C:\xampp\htdocs\codeigniter4\vendor\codeigniter4\framework\system\CodeIgniter.php(832): App\Controllers\roles->roles_index()
#5 C:\xampp\htdocs\codeigniter4\vendor\codeigniter4\framework\system\CodeIgniter.php(419): CodeIgniter\CodeIgniter->runController(Object(App\Controllers\roles))
#6 C:\xampp\htdocs\codeigniter4\vendor\codeigniter4\framework\system\CodeIgniter.php(326): CodeIgniter\CodeIgniter->handleRequest(NULL, Object(Config\Cache), false)
#7 C:\xampp\htdocs\codeigniter4\index.php(37): CodeIgniter\CodeIgniter->run()
#8 {main}
CRITICAL - 2022-10-18 00:21:50 --> Cannot use object of type stdClass as array
#0 C:\xampp\htdocs\codeigniter4\vendor\codeigniter4\framework\system\View\View.php(210): include()
#1 C:\xampp\htdocs\codeigniter4\vendor\codeigniter4\framework\system\View\View.php(213): CodeIgniter\View\View->CodeIgniter\View\{closure}()
#2 C:\xampp\htdocs\codeigniter4\vendor\codeigniter4\framework\system\Common.php(1089): CodeIgniter\View\View->render('roles/list', Array, true)
#3 C:\xampp\htdocs\codeigniter4\app\Controllers\Roles.php(37): view('roles/list', Array)
#4 C:\xampp\htdocs\codeigniter4\vendor\codeigniter4\framework\system\CodeIgniter.php(832): App\Controllers\roles->roles_index()
#5 C:\xampp\htdocs\codeigniter4\vendor\codeigniter4\framework\system\CodeIgniter.php(419): CodeIgniter\CodeIgniter->runController(Object(App\Controllers\roles))
#6 C:\xampp\htdocs\codeigniter4\vendor\codeigniter4\framework\system\CodeIgniter.php(326): CodeIgniter\CodeIgniter->handleRequest(NULL, Object(Config\Cache), false)
#7 C:\xampp\htdocs\codeigniter4\index.php(37): CodeIgniter\CodeIgniter->run()
#8 {main}
CRITICAL - 2022-10-18 00:21:57 --> Cannot use object of type stdClass as array
#0 C:\xampp\htdocs\codeigniter4\vendor\codeigniter4\framework\system\View\View.php(210): include()
#1 C:\xampp\htdocs\codeigniter4\vendor\codeigniter4\framework\system\View\View.php(213): CodeIgniter\View\View->CodeIgniter\View\{closure}()
#2 C:\xampp\htdocs\codeigniter4\vendor\codeigniter4\framework\system\Common.php(1089): CodeIgniter\View\View->render('roles/list', Array, true)
#3 C:\xampp\htdocs\codeigniter4\app\Controllers\Roles.php(37): view('roles/list', Array)
#4 C:\xampp\htdocs\codeigniter4\vendor\codeigniter4\framework\system\CodeIgniter.php(832): App\Controllers\roles->roles_index()
#5 C:\xampp\htdocs\codeigniter4\vendor\codeigniter4\framework\system\CodeIgniter.php(419): CodeIgniter\CodeIgniter->runController(Object(App\Controllers\roles))
#6 C:\xampp\htdocs\codeigniter4\vendor\codeigniter4\framework\system\CodeIgniter.php(326): CodeIgniter\CodeIgniter->handleRequest(NULL, Object(Config\Cache), false)
#7 C:\xampp\htdocs\codeigniter4\index.php(37): CodeIgniter\CodeIgniter->run()
#8 {main}
CRITICAL - 2022-10-18 00:57:04 --> Call to undefined method App\Models\Roles_Model::roles_fetch_data
#0 C:\xampp\htdocs\codeigniter4\app\Controllers\Roles.php(32): CodeIgniter\Model->__call('roles_fetch_dat...', Array)
#1 C:\xampp\htdocs\codeigniter4\vendor\codeigniter4\framework\system\CodeIgniter.php(832): App\Controllers\roles->roles_index()
#2 C:\xampp\htdocs\codeigniter4\vendor\codeigniter4\framework\system\CodeIgniter.php(419): CodeIgniter\CodeIgniter->runController(Object(App\Controllers\roles))
#3 C:\xampp\htdocs\codeigniter4\vendor\codeigniter4\framework\system\CodeIgniter.php(326): CodeIgniter\CodeIgniter->handleRequest(NULL, Object(Config\Cache), false)
#4 C:\xampp\htdocs\codeigniter4\index.php(37): CodeIgniter\CodeIgniter->run()
#5 {main}
CRITICAL - 2022-10-18 01:54:27 --> Too few arguments to function App\Models\Roles_Model::get_role_by_id(), 0 passed in C:\xampp\htdocs\codeigniter4\app\Controllers\Roles.php on line 85 and exactly 1 expected
#0 C:\xampp\htdocs\codeigniter4\app\Controllers\Roles.php(85): App\Models\Roles_Model->get_role_by_id()
#1 C:\xampp\htdocs\codeigniter4\vendor\codeigniter4\framework\system\CodeIgniter.php(832): App\Controllers\roles->edit_roles('9')
#2 C:\xampp\htdocs\codeigniter4\vendor\codeigniter4\framework\system\CodeIgniter.php(419): CodeIgniter\CodeIgniter->runController(Object(App\Controllers\roles))
#3 C:\xampp\htdocs\codeigniter4\vendor\codeigniter4\framework\system\CodeIgniter.php(326): CodeIgniter\CodeIgniter->handleRequest(NULL, Object(Config\Cache), false)
#4 C:\xampp\htdocs\codeigniter4\index.php(37): CodeIgniter\CodeIgniter->run()
#5 {main}
CRITICAL - 2022-10-18 01:56:02 --> Too few arguments to function App\Models\Roles_Model::get_role_by_id(), 0 passed in C:\xampp\htdocs\codeigniter4\app\Controllers\Roles.php on line 85 and exactly 1 expected
#0 C:\xampp\htdocs\codeigniter4\app\Controllers\Roles.php(85): App\Models\Roles_Model->get_role_by_id()
#1 C:\xampp\htdocs\codeigniter4\vendor\codeigniter4\framework\system\CodeIgniter.php(832): App\Controllers\roles->edit_roles('3')
#2 C:\xampp\htdocs\codeigniter4\vendor\codeigniter4\framework\system\CodeIgniter.php(419): CodeIgniter\CodeIgniter->runController(Object(App\Controllers\roles))
#3 C:\xampp\htdocs\codeigniter4\vendor\codeigniter4\framework\system\CodeIgniter.php(326): CodeIgniter\CodeIgniter->handleRequest(NULL, Object(Config\Cache), false)
#4 C:\xampp\htdocs\codeigniter4\index.php(37): CodeIgniter\CodeIgniter->run()
#5 {main}
CRITICAL - 2022-10-18 01:56:58 --> Too few arguments to function App\Models\Roles_Model::get_role_by_id(), 0 passed in C:\xampp\htdocs\codeigniter4\app\Controllers\Roles.php on line 85 and exactly 1 expected
#0 C:\xampp\htdocs\codeigniter4\app\Controllers\Roles.php(85): App\Models\Roles_Model->get_role_by_id()
#1 C:\xampp\htdocs\codeigniter4\vendor\codeigniter4\framework\system\CodeIgniter.php(832): App\Controllers\roles->edit_roles('3')
#2 C:\xampp\htdocs\codeigniter4\vendor\codeigniter4\framework\system\CodeIgniter.php(419): CodeIgniter\CodeIgniter->runController(Object(App\Controllers\roles))
#3 C:\xampp\htdocs\codeigniter4\vendor\codeigniter4\framework\system\CodeIgniter.php(326): CodeIgniter\CodeIgniter->handleRequest(NULL, Object(Config\Cache), false)
#4 C:\xampp\htdocs\codeigniter4\index.php(37): CodeIgniter\CodeIgniter->run()
#5 {main}
CRITICAL - 2022-10-18 01:57:00 --> Too few arguments to function App\Models\Roles_Model::get_role_by_id(), 0 passed in C:\xampp\htdocs\codeigniter4\app\Controllers\Roles.php on line 85 and exactly 1 expected
#0 C:\xampp\htdocs\codeigniter4\app\Controllers\Roles.php(85): App\Models\Roles_Model->get_role_by_id()
#1 C:\xampp\htdocs\codeigniter4\vendor\codeigniter4\framework\system\CodeIgniter.php(832): App\Controllers\roles->edit_roles('1')
#2 C:\xampp\htdocs\codeigniter4\vendor\codeigniter4\framework\system\CodeIgniter.php(419): CodeIgniter\CodeIgniter->runController(Object(App\Controllers\roles))
#3 C:\xampp\htdocs\codeigniter4\vendor\codeigniter4\framework\system\CodeIgniter.php(326): CodeIgniter\CodeIgniter->handleRequest(NULL, Object(Config\Cache), false)
#4 C:\xampp\htdocs\codeigniter4\index.php(37): CodeIgniter\CodeIgniter->run()
#5 {main}
ERROR - 2022-10-18 02:30:46 --> Unknown column 'asc' in 'order clause'
CRITICAL - 2022-10-18 02:30:46 --> Call to a member function getResult() on bool
#0 C:\xampp\htdocs\codeigniter4\app\Controllers\Roles.php(32): App\Models\Roles_Model->roles_fetch_data()
#1 C:\xampp\htdocs\codeigniter4\vendor\codeigniter4\framework\system\CodeIgniter.php(832): App\Controllers\roles->roles_index()
#2 C:\xampp\htdocs\codeigniter4\vendor\codeigniter4\framework\system\CodeIgniter.php(419): CodeIgniter\CodeIgniter->runController(Object(App\Controllers\roles))
#3 C:\xampp\htdocs\codeigniter4\vendor\codeigniter4\framework\system\CodeIgniter.php(326): CodeIgniter\CodeIgniter->handleRequest(NULL, Object(Config\Cache), false)
#4 C:\xampp\htdocs\codeigniter4\index.php(37): CodeIgniter\CodeIgniter->run()
#5 {main}
ERROR - 2022-10-18 03:38:51 --> Unknown column 'user_name' in 'field list'
ERROR - 2022-10-18 03:39:00 --> Unknown column 'user_name' in 'field list'
CRITICAL - 2022-10-18 03:48:14 --> Declaration of App\Models\Roles_Model::delete($id) should be compatible with CodeIgniter\BaseModel::delete($id = NULL, bool $purge = false)
#0 C:\xampp\htdocs\codeigniter4\vendor\codeigniter4\framework\system\Autoloader\Autoloader.php(264): CodeIgniter\Debug\Exceptions->errorHandler(2, 'Declaration of ...', 'C:\\xampp\\htdocs...', 65, Array)
#1 C:\xampp\htdocs\codeigniter4\vendor\codeigniter4\framework\system\Autoloader\Autoloader.php(264): include_once()
#2 C:\xampp\htdocs\codeigniter4\vendor\codeigniter4\framework\system\Autoloader\Autoloader.php(241): CodeIgniter\Autoloader\Autoloader->includeFile('C:\\xampp\\htdocs...')
#3 C:\xampp\htdocs\codeigniter4\vendor\codeigniter4\framework\system\Autoloader\Autoloader.php(219): CodeIgniter\Autoloader\Autoloader->loadInNamespace('App\\Models\\Role...')
#4 [internal function]: CodeIgniter\Autoloader\Autoloader->loadClass('App\\Models\\Role...')
#5 [internal function]: spl_autoload_call('App\\Models\\Role...')
#6 C:\xampp\htdocs\codeigniter4\vendor\codeigniter4\framework\system\Config\Factories.php(136): class_exists('App\\Models\\Role...')
#7 C:\xampp\htdocs\codeigniter4\vendor\codeigniter4\framework\system\Config\Factories.php(106): CodeIgniter\Config\Factories::locateClass(Array, 'Roles_Model')
#8 C:\xampp\htdocs\codeigniter4\vendor\codeigniter4\framework\system\Common.php(780): CodeIgniter\Config\Factories::__callStatic('models', Array)
#9 C:\xampp\htdocs\codeigniter4\app\Controllers\Roles.php(13): model('Roles_Model')
#10 C:\xampp\htdocs\codeigniter4\vendor\codeigniter4\framework\system\CodeIgniter.php(809): App\Controllers\roles->__construct()
#11 C:\xampp\htdocs\codeigniter4\vendor\codeigniter4\framework\system\CodeIgniter.php(410): CodeIgniter\CodeIgniter->createController()
#12 C:\xampp\htdocs\codeigniter4\vendor\codeigniter4\framework\system\CodeIgniter.php(326): CodeIgniter\CodeIgniter->handleRequest(NULL, Object(Config\Cache), false)
#13 C:\xampp\htdocs\codeigniter4\index.php(37): CodeIgniter\CodeIgniter->run()
#14 {main}
CRITICAL - 2022-10-18 03:48:43 --> Declaration of App\Models\Roles_Model::delete($id) should be compatible with CodeIgniter\BaseModel::delete($id = NULL, bool $purge = false)
#0 C:\xampp\htdocs\codeigniter4\vendor\codeigniter4\framework\system\Autoloader\Autoloader.php(264): CodeIgniter\Debug\Exceptions->errorHandler(2, 'Declaration of ...', 'C:\\xampp\\htdocs...', 65, Array)
#1 C:\xampp\htdocs\codeigniter4\vendor\codeigniter4\framework\system\Autoloader\Autoloader.php(264): include_once()
#2 C:\xampp\htdocs\codeigniter4\vendor\codeigniter4\framework\system\Autoloader\Autoloader.php(241): CodeIgniter\Autoloader\Autoloader->includeFile('C:\\xampp\\htdocs...')
#3 C:\xampp\htdocs\codeigniter4\vendor\codeigniter4\framework\system\Autoloader\Autoloader.php(219): CodeIgniter\Autoloader\Autoloader->loadInNamespace('App\\Models\\Role...')
#4 [internal function]: CodeIgniter\Autoloader\Autoloader->loadClass('App\\Models\\Role...')
#5 [internal function]: spl_autoload_call('App\\Models\\Role...')
#6 C:\xampp\htdocs\codeigniter4\vendor\codeigniter4\framework\system\Config\Factories.php(136): class_exists('App\\Models\\Role...')
#7 C:\xampp\htdocs\codeigniter4\vendor\codeigniter4\framework\system\Config\Factories.php(106): CodeIgniter\Config\Factories::locateClass(Array, 'Roles_Model')
#8 C:\xampp\htdocs\codeigniter4\vendor\codeigniter4\framework\system\Common.php(780): CodeIgniter\Config\Factories::__callStatic('models', Array)
#9 C:\xampp\htdocs\codeigniter4\app\Controllers\Roles.php(13): model('Roles_Model')
#10 C:\xampp\htdocs\codeigniter4\vendor\codeigniter4\framework\system\CodeIgniter.php(809): App\Controllers\roles->__construct()
#11 C:\xampp\htdocs\codeigniter4\vendor\codeigniter4\framework\system\CodeIgniter.php(410): CodeIgniter\CodeIgniter->createController()
#12 C:\xampp\htdocs\codeigniter4\vendor\codeigniter4\framework\system\CodeIgniter.php(326): CodeIgniter\CodeIgniter->handleRequest(NULL, Object(Config\Cache), false)
#13 C:\xampp\htdocs\codeigniter4\index.php(37): CodeIgniter\CodeIgniter->run()
#14 {main}
CRITICAL - 2022-10-18 03:48:45 --> Declaration of App\Models\Roles_Model::delete($id) should be compatible with CodeIgniter\BaseModel::delete($id = NULL, bool $purge = false)
#0 C:\xampp\htdocs\codeigniter4\vendor\codeigniter4\framework\system\Autoloader\Autoloader.php(264): CodeIgniter\Debug\Exceptions->errorHandler(2, 'Declaration of ...', 'C:\\xampp\\htdocs...', 65, Array)
#1 C:\xampp\htdocs\codeigniter4\vendor\codeigniter4\framework\system\Autoloader\Autoloader.php(264): include_once()
#2 C:\xampp\htdocs\codeigniter4\vendor\codeigniter4\framework\system\Autoloader\Autoloader.php(241): CodeIgniter\Autoloader\Autoloader->includeFile('C:\\xampp\\htdocs...')
#3 C:\xampp\htdocs\codeigniter4\vendor\codeigniter4\framework\system\Autoloader\Autoloader.php(219): CodeIgniter\Autoloader\Autoloader->loadInNamespace('App\\Models\\Role...')
#4 [internal function]: CodeIgniter\Autoloader\Autoloader->loadClass('App\\Models\\Role...')
#5 [internal function]: spl_autoload_call('App\\Models\\Role...')
#6 C:\xampp\htdocs\codeigniter4\vendor\codeigniter4\framework\system\Config\Factories.php(136): class_exists('App\\Models\\Role...')
#7 C:\xampp\htdocs\codeigniter4\vendor\codeigniter4\framework\system\Config\Factories.php(106): CodeIgniter\Config\Factories::locateClass(Array, 'Roles_Model')
#8 C:\xampp\htdocs\codeigniter4\vendor\codeigniter4\framework\system\Common.php(780): CodeIgniter\Config\Factories::__callStatic('models', Array)
#9 C:\xampp\htdocs\codeigniter4\app\Controllers\Roles.php(13): model('Roles_Model')
#10 C:\xampp\htdocs\codeigniter4\vendor\codeigniter4\framework\system\CodeIgniter.php(809): App\Controllers\roles->__construct()
#11 C:\xampp\htdocs\codeigniter4\vendor\codeigniter4\framework\system\CodeIgniter.php(410): CodeIgniter\CodeIgniter->createController()
#12 C:\xampp\htdocs\codeigniter4\vendor\codeigniter4\framework\system\CodeIgniter.php(326): CodeIgniter\CodeIgniter->handleRequest(NULL, Object(Config\Cache), false)
#13 C:\xampp\htdocs\codeigniter4\index.php(37): CodeIgniter\CodeIgniter->run()
#14 {main}
CRITICAL - 2022-10-18 03:49:25 --> Declaration of App\Models\Roles_Model::delete($id) should be compatible with CodeIgniter\BaseModel::delete($id = NULL, bool $purge = false)
#0 C:\xampp\htdocs\codeigniter4\vendor\codeigniter4\framework\system\Autoloader\Autoloader.php(264): CodeIgniter\Debug\Exceptions->errorHandler(2, 'Declaration of ...', 'C:\\xampp\\htdocs...', 63, Array)
#1 C:\xampp\htdocs\codeigniter4\vendor\codeigniter4\framework\system\Autoloader\Autoloader.php(264): include_once()
#2 C:\xampp\htdocs\codeigniter4\vendor\codeigniter4\framework\system\Autoloader\Autoloader.php(241): CodeIgniter\Autoloader\Autoloader->includeFile('C:\\xampp\\htdocs...')
#3 C:\xampp\htdocs\codeigniter4\vendor\codeigniter4\framework\system\Autoloader\Autoloader.php(219): CodeIgniter\Autoloader\Autoloader->loadInNamespace('App\\Models\\Role...')
#4 [internal function]: CodeIgniter\Autoloader\Autoloader->loadClass('App\\Models\\Role...')
#5 [internal function]: spl_autoload_call('App\\Models\\Role...')
#6 C:\xampp\htdocs\codeigniter4\vendor\codeigniter4\framework\system\Config\Factories.php(136): class_exists('App\\Models\\Role...')
#7 C:\xampp\htdocs\codeigniter4\vendor\codeigniter4\framework\system\Config\Factories.php(106): CodeIgniter\Config\Factories::locateClass(Array, 'Roles_Model')
#8 C:\xampp\htdocs\codeigniter4\vendor\codeigniter4\framework\system\Common.php(780): CodeIgniter\Config\Factories::__callStatic('models', Array)
#9 C:\xampp\htdocs\codeigniter4\app\Controllers\Roles.php(13): model('Roles_Model')
#10 C:\xampp\htdocs\codeigniter4\vendor\codeigniter4\framework\system\CodeIgniter.php(809): App\Controllers\roles->__construct()
#11 C:\xampp\htdocs\codeigniter4\vendor\codeigniter4\framework\system\CodeIgniter.php(410): CodeIgniter\CodeIgniter->createController()
#12 C:\xampp\htdocs\codeigniter4\vendor\codeigniter4\framework\system\CodeIgniter.php(326): CodeIgniter\CodeIgniter->handleRequest(NULL, Object(Config\Cache), false)
#13 C:\xampp\htdocs\codeigniter4\index.php(37): CodeIgniter\CodeIgniter->run()
#14 {main}
CRITICAL - 2022-10-18 03:49:49 --> Declaration of App\Models\Roles_Model::delete($id) should be compatible with CodeIgniter\BaseModel::delete($id = NULL, bool $purge = false)
#0 C:\xampp\htdocs\codeigniter4\vendor\codeigniter4\framework\system\Autoloader\Autoloader.php(264): CodeIgniter\Debug\Exceptions->errorHandler(2, 'Declaration of ...', 'C:\\xampp\\htdocs...', 64, Array)
#1 C:\xampp\htdocs\codeigniter4\vendor\codeigniter4\framework\system\Autoloader\Autoloader.php(264): include_once()
#2 C:\xampp\htdocs\codeigniter4\vendor\codeigniter4\framework\system\Autoloader\Autoloader.php(241): CodeIgniter\Autoloader\Autoloader->includeFile('C:\\xampp\\htdocs...')
#3 C:\xampp\htdocs\codeigniter4\vendor\codeigniter4\framework\system\Autoloader\Autoloader.php(219): CodeIgniter\Autoloader\Autoloader->loadInNamespace('App\\Models\\Role...')
#4 [internal function]: CodeIgniter\Autoloader\Autoloader->loadClass('App\\Models\\Role...')
#5 [internal function]: spl_autoload_call('App\\Models\\Role...')
#6 C:\xampp\htdocs\codeigniter4\vendor\codeigniter4\framework\system\Config\Factories.php(136): class_exists('App\\Models\\Role...')
#7 C:\xampp\htdocs\codeigniter4\vendor\codeigniter4\framework\system\Config\Factories.php(106): CodeIgniter\Config\Factories::locateClass(Array, 'Roles_Model')
#8 C:\xampp\htdocs\codeigniter4\vendor\codeigniter4\framework\system\Common.php(780): CodeIgniter\Config\Factories::__callStatic('models', Array)
#9 C:\xampp\htdocs\codeigniter4\app\Controllers\Roles.php(13): model('Roles_Model')
#10 C:\xampp\htdocs\codeigniter4\vendor\codeigniter4\framework\system\CodeIgniter.php(809): App\Controllers\roles->__construct()
#11 C:\xampp\htdocs\codeigniter4\vendor\codeigniter4\framework\system\CodeIgniter.php(410): CodeIgniter\CodeIgniter->createController()
#12 C:\xampp\htdocs\codeigniter4\vendor\codeigniter4\framework\system\CodeIgniter.php(326): CodeIgniter\CodeIgniter->handleRequest(NULL, Object(Config\Cache), false)
#13 C:\xampp\htdocs\codeigniter4\index.php(37): CodeIgniter\CodeIgniter->run()
#14 {main}
