CRITICAL - 2022-12-01 11:27:08 --> Invalid file: company/list.php
#0 C:\xampp\htdocs\hris\vendor\codeigniter4\framework\system\View\View.php(198): CodeIgniter\Exceptions\FrameworkException::forInvalidFile('company/list.ph...')
#1 C:\xampp\htdocs\hris\vendor\codeigniter4\framework\system\Common.php(1089): CodeIgniter\View\View->render('company/list', Array, true)
#2 C:\xampp\htdocs\hris\app\Controllers\Company.php(31): view('company/list', Array)
#3 C:\xampp\htdocs\hris\vendor\codeigniter4\framework\system\CodeIgniter.php(832): App\Controllers\Company->company_index()
#4 C:\xampp\htdocs\hris\vendor\codeigniter4\framework\system\CodeIgniter.php(419): CodeIgniter\CodeIgniter->runController(Object(App\Controllers\Company))
#5 C:\xampp\htdocs\hris\vendor\codeigniter4\framework\system\CodeIgniter.php(326): CodeIgniter\CodeIgniter->handleRequest(NULL, Object(Config\Cache), false)
#6 C:\xampp\htdocs\hris\index.php(37): CodeIgniter\CodeIgniter->run()
#7 {main}
CRITICAL - 2022-12-01 13:21:41 --> You must set the database table to be used with your query.
#0 C:\xampp\htdocs\hris\vendor\codeigniter4\framework\system\Model.php(545): CodeIgniter\Database\BaseConnection->table(NULL)
#1 C:\xampp\htdocs\hris\vendor\codeigniter4\framework\system\Model.php(722): CodeIgniter\Model->builder()
#2 C:\xampp\htdocs\hris\app\Controllers\Company.php(47): CodeIgniter\Model->__call('company_fetch_d...', Array)
#3 C:\xampp\htdocs\hris\vendor\codeigniter4\framework\system\CodeIgniter.php(832): App\Controllers\Company->add_company()
#4 C:\xampp\htdocs\hris\vendor\codeigniter4\framework\system\CodeIgniter.php(419): CodeIgniter\CodeIgniter->runController(Object(App\Controllers\Company))
#5 C:\xampp\htdocs\hris\vendor\codeigniter4\framework\system\CodeIgniter.php(326): CodeIgniter\CodeIgniter->handleRequest(NULL, Object(Config\Cache), false)
#6 C:\xampp\htdocs\hris\index.php(37): CodeIgniter\CodeIgniter->run()
#7 {main}
CRITICAL - 2022-12-01 13:22:40 --> Invalid argument supplied for foreach()
#0 C:\xampp\htdocs\hris\app\Views\company\add.php(103): CodeIgniter\Debug\Exceptions->errorHandler(2, 'Invalid argumen...', 'C:\\xampp\\htdocs...', 103, Array)
#1 C:\xampp\htdocs\hris\vendor\codeigniter4\framework\system\View\View.php(210): include('C:\\xampp\\htdocs...')
#2 C:\xampp\htdocs\hris\vendor\codeigniter4\framework\system\View\View.php(213): CodeIgniter\View\View->CodeIgniter\View\{closure}()
#3 C:\xampp\htdocs\hris\vendor\codeigniter4\framework\system\Common.php(1089): CodeIgniter\View\View->render('company/add', Array, true)
#4 C:\xampp\htdocs\hris\app\Controllers\Company.php(52): view('company/add', Array)
#5 C:\xampp\htdocs\hris\vendor\codeigniter4\framework\system\CodeIgniter.php(832): App\Controllers\Company->add_company()
#6 C:\xampp\htdocs\hris\vendor\codeigniter4\framework\system\CodeIgniter.php(419): CodeIgniter\CodeIgniter->runController(Object(App\Controllers\Company))
#7 C:\xampp\htdocs\hris\vendor\codeigniter4\framework\system\CodeIgniter.php(326): CodeIgniter\CodeIgniter->handleRequest(NULL, Object(Config\Cache), false)
#8 C:\xampp\htdocs\hris\index.php(37): CodeIgniter\CodeIgniter->run()
#9 {main}
CRITICAL - 2022-12-01 13:22:44 --> Invalid argument supplied for foreach()
#0 C:\xampp\htdocs\hris\app\Views\company\add.php(103): CodeIgniter\Debug\Exceptions->errorHandler(2, 'Invalid argumen...', 'C:\\xampp\\htdocs...', 103, Array)
#1 C:\xampp\htdocs\hris\vendor\codeigniter4\framework\system\View\View.php(210): include('C:\\xampp\\htdocs...')
#2 C:\xampp\htdocs\hris\vendor\codeigniter4\framework\system\View\View.php(213): CodeIgniter\View\View->CodeIgniter\View\{closure}()
#3 C:\xampp\htdocs\hris\vendor\codeigniter4\framework\system\Common.php(1089): CodeIgniter\View\View->render('company/add', Array, true)
#4 C:\xampp\htdocs\hris\app\Controllers\Company.php(52): view('company/add', Array)
#5 C:\xampp\htdocs\hris\vendor\codeigniter4\framework\system\CodeIgniter.php(832): App\Controllers\Company->add_company()
#6 C:\xampp\htdocs\hris\vendor\codeigniter4\framework\system\CodeIgniter.php(419): CodeIgniter\CodeIgniter->runController(Object(App\Controllers\Company))
#7 C:\xampp\htdocs\hris\vendor\codeigniter4\framework\system\CodeIgniter.php(326): CodeIgniter\CodeIgniter->handleRequest(NULL, Object(Config\Cache), false)
#8 C:\xampp\htdocs\hris\index.php(37): CodeIgniter\CodeIgniter->run()
#9 {main}
ERROR - 2022-12-01 13:50:34 --> Unknown column 'department_name' in 'field list'
ERROR - 2022-12-01 13:51:10 --> Unknown column 'department_name' in 'field list'
CRITICAL - 2022-12-01 14:44:15 --> Call to a member function segment() on null
#0 C:\xampp\htdocs\hris\vendor\codeigniter4\framework\system\View\View.php(210): include()
#1 C:\xampp\htdocs\hris\vendor\codeigniter4\framework\system\View\View.php(213): CodeIgniter\View\View->CodeIgniter\View\{closure}()
#2 C:\xampp\htdocs\hris\vendor\codeigniter4\framework\system\Common.php(1089): CodeIgniter\View\View->render('employee/list', Array, true)
#3 C:\xampp\htdocs\hris\app\Controllers\Employee.php(30): view('employee/list', Array)
#4 C:\xampp\htdocs\hris\vendor\codeigniter4\framework\system\CodeIgniter.php(832): App\Controllers\Employee->employee_index()
#5 C:\xampp\htdocs\hris\vendor\codeigniter4\framework\system\CodeIgniter.php(419): CodeIgniter\CodeIgniter->runController(Object(App\Controllers\Employee))
#6 C:\xampp\htdocs\hris\vendor\codeigniter4\framework\system\CodeIgniter.php(326): CodeIgniter\CodeIgniter->handleRequest(NULL, Object(Config\Cache), false)
#7 C:\xampp\htdocs\hris\index.php(37): CodeIgniter\CodeIgniter->run()
#8 {main}
CRITICAL - 2022-12-01 15:11:08 --> Call to a member function model() on null
#0 C:\xampp\htdocs\hris\vendor\codeigniter4\framework\system\View\View.php(210): include()
#1 C:\xampp\htdocs\hris\vendor\codeigniter4\framework\system\View\View.php(213): CodeIgniter\View\View->CodeIgniter\View\{closure}()
#2 C:\xampp\htdocs\hris\vendor\codeigniter4\framework\system\Common.php(1089): CodeIgniter\View\View->render('employee/view', Array, true)
#3 C:\xampp\htdocs\hris\app\Controllers\Employee.php(70): view('employee/view', Array)
#4 C:\xampp\htdocs\hris\vendor\codeigniter4\framework\system\CodeIgniter.php(832): App\Controllers\Employee->view_employee('6')
#5 C:\xampp\htdocs\hris\vendor\codeigniter4\framework\system\CodeIgniter.php(419): CodeIgniter\CodeIgniter->runController(Object(App\Controllers\Employee))
#6 C:\xampp\htdocs\hris\vendor\codeigniter4\framework\system\CodeIgniter.php(326): CodeIgniter\CodeIgniter->handleRequest(NULL, Object(Config\Cache), false)
#7 C:\xampp\htdocs\hris\index.php(37): CodeIgniter\CodeIgniter->run()
#8 {main}
CRITICAL - 2022-12-01 15:11:12 --> Call to a member function model() on null
#0 C:\xampp\htdocs\hris\vendor\codeigniter4\framework\system\View\View.php(210): include()
#1 C:\xampp\htdocs\hris\vendor\codeigniter4\framework\system\View\View.php(213): CodeIgniter\View\View->CodeIgniter\View\{closure}()
#2 C:\xampp\htdocs\hris\vendor\codeigniter4\framework\system\Common.php(1089): CodeIgniter\View\View->render('employee/view', Array, true)
#3 C:\xampp\htdocs\hris\app\Controllers\Employee.php(70): view('employee/view', Array)
#4 C:\xampp\htdocs\hris\vendor\codeigniter4\framework\system\CodeIgniter.php(832): App\Controllers\Employee->view_employee('9')
#5 C:\xampp\htdocs\hris\vendor\codeigniter4\framework\system\CodeIgniter.php(419): CodeIgniter\CodeIgniter->runController(Object(App\Controllers\Employee))
#6 C:\xampp\htdocs\hris\vendor\codeigniter4\framework\system\CodeIgniter.php(326): CodeIgniter\CodeIgniter->handleRequest(NULL, Object(Config\Cache), false)
#7 C:\xampp\htdocs\hris\index.php(37): CodeIgniter\CodeIgniter->run()
#8 {main}
CRITICAL - 2022-12-01 15:16:55 --> syntax error, unexpected '}', expecting end of file
#0 C:\xampp\htdocs\hris\vendor\codeigniter4\framework\system\View\View.php(213): CodeIgniter\View\View->CodeIgniter\View\{closure}()
#1 C:\xampp\htdocs\hris\vendor\codeigniter4\framework\system\Common.php(1089): CodeIgniter\View\View->render('employee/view', Array, true)
#2 C:\xampp\htdocs\hris\app\Controllers\Employee.php(70): view('employee/view', Array)
#3 C:\xampp\htdocs\hris\vendor\codeigniter4\framework\system\CodeIgniter.php(832): App\Controllers\Employee->view_employee('9')
#4 C:\xampp\htdocs\hris\vendor\codeigniter4\framework\system\CodeIgniter.php(419): CodeIgniter\CodeIgniter->runController(Object(App\Controllers\Employee))
#5 C:\xampp\htdocs\hris\vendor\codeigniter4\framework\system\CodeIgniter.php(326): CodeIgniter\CodeIgniter->handleRequest(NULL, Object(Config\Cache), false)
#6 C:\xampp\htdocs\hris\index.php(37): CodeIgniter\CodeIgniter->run()
#7 {main}
CRITICAL - 2022-12-01 15:17:38 --> Call to a member function model() on null
#0 C:\xampp\htdocs\hris\vendor\codeigniter4\framework\system\View\View.php(210): include()
#1 C:\xampp\htdocs\hris\vendor\codeigniter4\framework\system\View\View.php(213): CodeIgniter\View\View->CodeIgniter\View\{closure}()
#2 C:\xampp\htdocs\hris\vendor\codeigniter4\framework\system\Common.php(1089): CodeIgniter\View\View->render('employee/view', Array, true)
#3 C:\xampp\htdocs\hris\app\Controllers\Employee.php(70): view('employee/view', Array)
#4 C:\xampp\htdocs\hris\vendor\codeigniter4\framework\system\CodeIgniter.php(832): App\Controllers\Employee->view_employee('9')
#5 C:\xampp\htdocs\hris\vendor\codeigniter4\framework\system\CodeIgniter.php(419): CodeIgniter\CodeIgniter->runController(Object(App\Controllers\Employee))
#6 C:\xampp\htdocs\hris\vendor\codeigniter4\framework\system\CodeIgniter.php(326): CodeIgniter\CodeIgniter->handleRequest(NULL, Object(Config\Cache), false)
#7 C:\xampp\htdocs\hris\index.php(37): CodeIgniter\CodeIgniter->run()
#8 {main}
