CRITICAL - 2022-11-10 01:58:31 --> syntax error, unexpected 'endif' (T_ENDIF)
#0 C:\xampp\htdocs\codeigniter4\vendor\codeigniter4\framework\system\View\View.php(213): CodeIgniter\View\View->CodeIgniter\View\{closure}()
#1 C:\xampp\htdocs\codeigniter4\vendor\codeigniter4\framework\system\Common.php(1089): CodeIgniter\View\View->render('partial/side_me...', Array, true)
#2 C:\xampp\htdocs\codeigniter4\app\Controllers\Module.php(35): view('partial/side_me...')
#3 C:\xampp\htdocs\codeigniter4\vendor\codeigniter4\framework\system\CodeIgniter.php(832): App\Controllers\Module->module_index()
#4 C:\xampp\htdocs\codeigniter4\vendor\codeigniter4\framework\system\CodeIgniter.php(419): CodeIgniter\CodeIgniter->runController(Object(App\Controllers\Module))
#5 C:\xampp\htdocs\codeigniter4\vendor\codeigniter4\framework\system\CodeIgniter.php(326): CodeIgniter\CodeIgniter->handleRequest(NULL, Object(Config\Cache), false)
#6 C:\xampp\htdocs\codeigniter4\index.php(37): CodeIgniter\CodeIgniter->run()
#7 {main}
CRITICAL - 2022-11-10 01:58:57 --> Call to undefined method CodeIgniter\Database\MySQLi\Result::countAllResults()
#0 C:\xampp\htdocs\codeigniter4\app\Views\partial\side_menu.php(80): check_module_permission('1', '1')
#1 C:\xampp\htdocs\codeigniter4\vendor\codeigniter4\framework\system\View\View.php(210): include('C:\\xampp\\htdocs...')
#2 C:\xampp\htdocs\codeigniter4\vendor\codeigniter4\framework\system\View\View.php(213): CodeIgniter\View\View->CodeIgniter\View\{closure}()
#3 C:\xampp\htdocs\codeigniter4\vendor\codeigniter4\framework\system\Common.php(1089): CodeIgniter\View\View->render('partial/side_me...', Array, true)
#4 C:\xampp\htdocs\codeigniter4\app\Controllers\Module.php(35): view('partial/side_me...')
#5 C:\xampp\htdocs\codeigniter4\vendor\codeigniter4\framework\system\CodeIgniter.php(832): App\Controllers\Module->module_index()
#6 C:\xampp\htdocs\codeigniter4\vendor\codeigniter4\framework\system\CodeIgniter.php(419): CodeIgniter\CodeIgniter->runController(Object(App\Controllers\Module))
#7 C:\xampp\htdocs\codeigniter4\vendor\codeigniter4\framework\system\CodeIgniter.php(326): CodeIgniter\CodeIgniter->handleRequest(NULL, Object(Config\Cache), false)
#8 C:\xampp\htdocs\codeigniter4\index.php(37): CodeIgniter\CodeIgniter->run()
#9 {main}
ERROR - 2022-11-10 18:35:53 --> Table 'project_db.user_info' doesn't exist
CRITICAL - 2022-11-10 18:35:53 --> Call to a member function getResult() on bool
#0 C:\xampp\htdocs\codeigniter4\app\Controllers\Users.php(30): App\Models\Users_Model->users_fetch_data()
#1 C:\xampp\htdocs\codeigniter4\vendor\codeigniter4\framework\system\CodeIgniter.php(832): App\Controllers\users->users_index()
#2 C:\xampp\htdocs\codeigniter4\vendor\codeigniter4\framework\system\CodeIgniter.php(419): CodeIgniter\CodeIgniter->runController(Object(App\Controllers\users))
#3 C:\xampp\htdocs\codeigniter4\vendor\codeigniter4\framework\system\CodeIgniter.php(326): CodeIgniter\CodeIgniter->handleRequest(NULL, Object(Config\Cache), false)
#4 C:\xampp\htdocs\codeigniter4\index.php(37): CodeIgniter\CodeIgniter->run()
#5 {main}
CRITICAL - 2022-11-10 19:23:46 --> Call to a member function result_array() on array
#0 C:\xampp\htdocs\codeigniter4\app\Controllers\Roles.php(101): App\Models\Roles_Model->get_access('1')
#1 C:\xampp\htdocs\codeigniter4\vendor\codeigniter4\framework\system\CodeIgniter.php(832): App\Controllers\Roles->access_roles('1')
#2 C:\xampp\htdocs\codeigniter4\vendor\codeigniter4\framework\system\CodeIgniter.php(419): CodeIgniter\CodeIgniter->runController(Object(App\Controllers\Roles))
#3 C:\xampp\htdocs\codeigniter4\vendor\codeigniter4\framework\system\CodeIgniter.php(326): CodeIgniter\CodeIgniter->handleRequest(NULL, Object(Config\Cache), false)
#4 C:\xampp\htdocs\codeigniter4\index.php(37): CodeIgniter\CodeIgniter->run()
#5 {main}
CRITICAL - 2022-11-10 19:24:41 --> Cannot use object of type stdClass as array
#0 C:\xampp\htdocs\codeigniter4\vendor\codeigniter4\framework\system\View\View.php(210): include()
#1 C:\xampp\htdocs\codeigniter4\vendor\codeigniter4\framework\system\View\View.php(213): CodeIgniter\View\View->CodeIgniter\View\{closure}()
#2 C:\xampp\htdocs\codeigniter4\vendor\codeigniter4\framework\system\Common.php(1089): CodeIgniter\View\View->render('roles/access', Array, true)
#3 C:\xampp\htdocs\codeigniter4\app\Controllers\Roles.php(109): view('roles/access', Array)
#4 C:\xampp\htdocs\codeigniter4\vendor\codeigniter4\framework\system\CodeIgniter.php(832): App\Controllers\Roles->access_roles('1')
#5 C:\xampp\htdocs\codeigniter4\vendor\codeigniter4\framework\system\CodeIgniter.php(419): CodeIgniter\CodeIgniter->runController(Object(App\Controllers\Roles))
#6 C:\xampp\htdocs\codeigniter4\vendor\codeigniter4\framework\system\CodeIgniter.php(326): CodeIgniter\CodeIgniter->handleRequest(NULL, Object(Config\Cache), false)
#7 C:\xampp\htdocs\codeigniter4\index.php(37): CodeIgniter\CodeIgniter->run()
#8 {main}
CRITICAL - 2022-11-10 19:25:39 --> Cannot use object of type stdClass as array
#0 C:\xampp\htdocs\codeigniter4\vendor\codeigniter4\framework\system\View\View.php(210): include()
#1 C:\xampp\htdocs\codeigniter4\vendor\codeigniter4\framework\system\View\View.php(213): CodeIgniter\View\View->CodeIgniter\View\{closure}()
#2 C:\xampp\htdocs\codeigniter4\vendor\codeigniter4\framework\system\Common.php(1089): CodeIgniter\View\View->render('roles/access', Array, true)
#3 C:\xampp\htdocs\codeigniter4\app\Controllers\Roles.php(109): view('roles/access', Array)
#4 C:\xampp\htdocs\codeigniter4\vendor\codeigniter4\framework\system\CodeIgniter.php(832): App\Controllers\Roles->access_roles('1')
#5 C:\xampp\htdocs\codeigniter4\vendor\codeigniter4\framework\system\CodeIgniter.php(419): CodeIgniter\CodeIgniter->runController(Object(App\Controllers\Roles))
#6 C:\xampp\htdocs\codeigniter4\vendor\codeigniter4\framework\system\CodeIgniter.php(326): CodeIgniter\CodeIgniter->handleRequest(NULL, Object(Config\Cache), false)
#7 C:\xampp\htdocs\codeigniter4\index.php(37): CodeIgniter\CodeIgniter->run()
#8 {main}
CRITICAL - 2022-11-10 20:11:39 --> Cannot use object of type stdClass as array
#0 C:\xampp\htdocs\codeigniter4\vendor\codeigniter4\framework\system\View\View.php(210): include()
#1 C:\xampp\htdocs\codeigniter4\vendor\codeigniter4\framework\system\View\View.php(213): CodeIgniter\View\View->CodeIgniter\View\{closure}()
#2 C:\xampp\htdocs\codeigniter4\vendor\codeigniter4\framework\system\Common.php(1089): CodeIgniter\View\View->render('roles/access', Array, true)
#3 C:\xampp\htdocs\codeigniter4\app\Controllers\Roles.php(109): view('roles/access', Array)
#4 C:\xampp\htdocs\codeigniter4\vendor\codeigniter4\framework\system\CodeIgniter.php(832): App\Controllers\Roles->access_roles('1')
#5 C:\xampp\htdocs\codeigniter4\vendor\codeigniter4\framework\system\CodeIgniter.php(419): CodeIgniter\CodeIgniter->runController(Object(App\Controllers\Roles))
#6 C:\xampp\htdocs\codeigniter4\vendor\codeigniter4\framework\system\CodeIgniter.php(326): CodeIgniter\CodeIgniter->handleRequest(NULL, Object(Config\Cache), false)
#7 C:\xampp\htdocs\codeigniter4\index.php(37): CodeIgniter\CodeIgniter->run()
#8 {main}
CRITICAL - 2022-11-10 20:13:16 --> Call to a member function get_csrf_token_name() on null
#0 C:\xampp\htdocs\codeigniter4\vendor\codeigniter4\framework\system\View\View.php(210): include()
#1 C:\xampp\htdocs\codeigniter4\vendor\codeigniter4\framework\system\View\View.php(213): CodeIgniter\View\View->CodeIgniter\View\{closure}()
#2 C:\xampp\htdocs\codeigniter4\vendor\codeigniter4\framework\system\Common.php(1089): CodeIgniter\View\View->render('roles/access', Array, true)
#3 C:\xampp\htdocs\codeigniter4\app\Controllers\Roles.php(109): view('roles/access', Array)
#4 C:\xampp\htdocs\codeigniter4\vendor\codeigniter4\framework\system\CodeIgniter.php(832): App\Controllers\Roles->access_roles('1')
#5 C:\xampp\htdocs\codeigniter4\vendor\codeigniter4\framework\system\CodeIgniter.php(419): CodeIgniter\CodeIgniter->runController(Object(App\Controllers\Roles))
#6 C:\xampp\htdocs\codeigniter4\vendor\codeigniter4\framework\system\CodeIgniter.php(326): CodeIgniter\CodeIgniter->handleRequest(NULL, Object(Config\Cache), false)
#7 C:\xampp\htdocs\codeigniter4\index.php(37): CodeIgniter\CodeIgniter->run()
#8 {main}
ERROR - 2022-11-10 20:41:18 --> Table 'project_db.user_info' doesn't exist
CRITICAL - 2022-11-10 20:41:18 --> Call to a member function getResult() on bool
#0 C:\xampp\htdocs\codeigniter4\app\Controllers\Users.php(30): App\Models\Users_Model->users_fetch_data()
#1 C:\xampp\htdocs\codeigniter4\vendor\codeigniter4\framework\system\CodeIgniter.php(832): App\Controllers\users->users_index()
#2 C:\xampp\htdocs\codeigniter4\vendor\codeigniter4\framework\system\CodeIgniter.php(419): CodeIgniter\CodeIgniter->runController(Object(App\Controllers\users))
#3 C:\xampp\htdocs\codeigniter4\vendor\codeigniter4\framework\system\CodeIgniter.php(326): CodeIgniter\CodeIgniter->handleRequest(NULL, Object(Config\Cache), false)
#4 C:\xampp\htdocs\codeigniter4\index.php(37): CodeIgniter\CodeIgniter->run()
#5 {main}
ERROR - 2022-11-10 20:42:07 --> Table 'project_db.user_info' doesn't exist
CRITICAL - 2022-11-10 20:42:07 --> Call to a member function getResult() on bool
#0 C:\xampp\htdocs\codeigniter4\app\Controllers\Users.php(30): App\Models\Users_Model->users_fetch_data()
#1 C:\xampp\htdocs\codeigniter4\vendor\codeigniter4\framework\system\CodeIgniter.php(832): App\Controllers\users->users_index()
#2 C:\xampp\htdocs\codeigniter4\vendor\codeigniter4\framework\system\CodeIgniter.php(419): CodeIgniter\CodeIgniter->runController(Object(App\Controllers\users))
#3 C:\xampp\htdocs\codeigniter4\vendor\codeigniter4\framework\system\CodeIgniter.php(326): CodeIgniter\CodeIgniter->handleRequest(NULL, Object(Config\Cache), false)
#4 C:\xampp\htdocs\codeigniter4\index.php(37): CodeIgniter\CodeIgniter->run()
#5 {main}
