ERROR - 2022-12-07 09:37:41 --> Unknown column 'user_roles.user_id' in 'on clause'
CRITICAL - 2022-12-07 09:37:41 --> Call to a member function getResult() on bool
#0 C:\xampp\htdocs\hris\app\Controllers\Employee.php(94): App\Models\Employee_Model->get_employee_by_id('9')
#1 C:\xampp\htdocs\hris\vendor\codeigniter4\framework\system\CodeIgniter.php(832): App\Controllers\Employee->view_employee('9')
#2 C:\xampp\htdocs\hris\vendor\codeigniter4\framework\system\CodeIgniter.php(419): CodeIgniter\CodeIgniter->runController(Object(App\Controllers\Employee))
#3 C:\xampp\htdocs\hris\vendor\codeigniter4\framework\system\CodeIgniter.php(326): CodeIgniter\CodeIgniter->handleRequest(NULL, Object(Config\Cache), false)
#4 C:\xampp\htdocs\hris\index.php(37): CodeIgniter\CodeIgniter->run()
#5 {main}
ERROR - 2022-12-07 09:39:29 --> Unknown column 'id' in 'order clause'
CRITICAL - 2022-12-07 09:39:29 --> Call to a member function getResult() on bool
#0 C:\xampp\htdocs\hris\app\Controllers\Users.php(48): App\Models\Users_Model->get_Roles_List()
#1 C:\xampp\htdocs\hris\vendor\codeigniter4\framework\system\CodeIgniter.php(832): App\Controllers\users->add_user()
#2 C:\xampp\htdocs\hris\vendor\codeigniter4\framework\system\CodeIgniter.php(419): CodeIgniter\CodeIgniter->runController(Object(App\Controllers\users))
#3 C:\xampp\htdocs\hris\vendor\codeigniter4\framework\system\CodeIgniter.php(326): CodeIgniter\CodeIgniter->handleRequest(NULL, Object(Config\Cache), false)
#4 C:\xampp\htdocs\hris\index.php(37): CodeIgniter\CodeIgniter->run()
#5 {main}
ERROR - 2022-12-07 09:50:39 --> Unknown column 'id' in 'order clause'
CRITICAL - 2022-12-07 09:50:39 --> Call to a member function getResult() on bool
#0 C:\xampp\htdocs\hris\app\Controllers\Roles.php(22): App\Models\Roles_Model->roles_fetch_data()
#1 C:\xampp\htdocs\hris\vendor\codeigniter4\framework\system\CodeIgniter.php(832): App\Controllers\Roles->roles_index()
#2 C:\xampp\htdocs\hris\vendor\codeigniter4\framework\system\CodeIgniter.php(419): CodeIgniter\CodeIgniter->runController(Object(App\Controllers\Roles))
#3 C:\xampp\htdocs\hris\vendor\codeigniter4\framework\system\CodeIgniter.php(326): CodeIgniter\CodeIgniter->handleRequest(NULL, Object(Config\Cache), false)
#4 C:\xampp\htdocs\hris\index.php(37): CodeIgniter\CodeIgniter->run()
#5 {main}
CRITICAL - 2022-12-07 10:50:42 --> You must set the database table to be used with your query.
#0 C:\xampp\htdocs\hris\vendor\codeigniter4\framework\system\Model.php(545): CodeIgniter\Database\BaseConnection->table(NULL)
#1 C:\xampp\htdocs\hris\vendor\codeigniter4\framework\system\Model.php(722): CodeIgniter\Model->builder()
#2 C:\xampp\htdocs\hris\app\Controllers\Employee.php(115): CodeIgniter\Model->__call('get_employee_by...', Array)
#3 C:\xampp\htdocs\hris\vendor\codeigniter4\framework\system\CodeIgniter.php(832): App\Controllers\Employee->edit_employee('184')
#4 C:\xampp\htdocs\hris\vendor\codeigniter4\framework\system\CodeIgniter.php(419): CodeIgniter\CodeIgniter->runController(Object(App\Controllers\Employee))
#5 C:\xampp\htdocs\hris\vendor\codeigniter4\framework\system\CodeIgniter.php(326): CodeIgniter\CodeIgniter->handleRequest(NULL, Object(Config\Cache), false)
#6 C:\xampp\htdocs\hris\index.php(37): CodeIgniter\CodeIgniter->run()
#7 {main}
